Invalid HTTP_HOST header: 'sarlahinews.com'. You may need to add 'sarlahinews.com' to ALLOWED_HOSTS.
Traceback (most recent call last):
  File "/home/sarlahinews/virtualenv/news_portal/3.8/lib/python3.8/site-packages/django/core/handlers/exception.py", line 55, in inner
    response = get_response(request)
  File "/home/sarlahinews/virtualenv/news_portal/3.8/lib/python3.8/site-packages/django/utils/deprecation.py", line 133, in __call__
    response = self.process_request(request)
  File "/home/sarlahinews/virtualenv/news_portal/3.8/lib/python3.8/site-packages/django/middleware/common.py", line 48, in process_request
    host = request.get_host()
  File "/home/sarlahinews/virtualenv/news_portal/3.8/lib/python3.8/site-packages/django/http/request.py", line 150, in get_host
    raise DisallowedHost(msg)
django.core.exceptions.DisallowedHost: Invalid HTTP_HOST header: 'sarlahinews.com'. You may need to add 'sarlahinews.com' to ALLOWED_HOSTS.
Bad Request: /index.php
Invalid HTTP_HOST header: 'sarlahinews.com'. You may need to add 'sarlahinews.com' to ALLOWED_HOSTS.
Traceback (most recent call last):
  File "/home/sarlahinews/virtualenv/news_portal/3.8/lib/python3.8/site-packages/django/core/handlers/exception.py", line 55, in inner
    response = get_response(request)
  File "/home/sarlahinews/virtualenv/news_portal/3.8/lib/python3.8/site-packages/django/utils/deprecation.py", line 133, in __call__
    response = self.process_request(request)
  File "/home/sarlahinews/virtualenv/news_portal/3.8/lib/python3.8/site-packages/django/middleware/common.py", line 48, in process_request
    host = request.get_host()
  File "/home/sarlahinews/virtualenv/news_portal/3.8/lib/python3.8/site-packages/django/http/request.py", line 150, in get_host
    raise DisallowedHost(msg)
django.core.exceptions.DisallowedHost: Invalid HTTP_HOST header: 'sarlahinews.com'. You may need to add 'sarlahinews.com' to ALLOWED_HOSTS.
Bad Request: /index.php
Invalid HTTP_HOST header: 'sarlahinews.com'. You may need to add 'sarlahinews.com' to ALLOWED_HOSTS.
Traceback (most recent call last):
  File "/home/sarlahinews/virtualenv/news_portal/3.8/lib/python3.8/site-packages/django/core/handlers/exception.py", line 55, in inner
    response = get_response(request)
  File "/home/sarlahinews/virtualenv/news_portal/3.8/lib/python3.8/site-packages/django/utils/deprecation.py", line 133, in __call__
    response = self.process_request(request)
  File "/home/sarlahinews/virtualenv/news_portal/3.8/lib/python3.8/site-packages/django/middleware/common.py", line 48, in process_request
    host = request.get_host()
  File "/home/sarlahinews/virtualenv/news_portal/3.8/lib/python3.8/site-packages/django/http/request.py", line 150, in get_host
    raise DisallowedHost(msg)
django.core.exceptions.DisallowedHost: Invalid HTTP_HOST header: 'sarlahinews.com'. You may need to add 'sarlahinews.com' to ALLOWED_HOSTS.
Bad Request: /index.php
Invalid HTTP_HOST header: 'sarlahinews.com'. You may need to add 'sarlahinews.com' to ALLOWED_HOSTS.
Traceback (most recent call last):
  File "/home/sarlahinews/virtualenv/news_portal/3.8/lib/python3.8/site-packages/django/core/handlers/exception.py", line 55, in inner
    response = get_response(request)
  File "/home/sarlahinews/virtualenv/news_portal/3.8/lib/python3.8/site-packages/django/utils/deprecation.py", line 133, in __call__
    response = self.process_request(request)
  File "/home/sarlahinews/virtualenv/news_portal/3.8/lib/python3.8/site-packages/django/middleware/common.py", line 48, in process_request
    host = request.get_host()
  File "/home/sarlahinews/virtualenv/news_portal/3.8/lib/python3.8/site-packages/django/http/request.py", line 150, in get_host
    raise DisallowedHost(msg)
django.core.exceptions.DisallowedHost: Invalid HTTP_HOST header: 'sarlahinews.com'. You may need to add 'sarlahinews.com' to ALLOWED_HOSTS.
Bad Request: /wp-content/uploads/2022/11/inbound4445910309197835758.jpg
Invalid HTTP_HOST header: 'sarlahinews.com'. You may need to add 'sarlahinews.com' to ALLOWED_HOSTS.
Traceback (most recent call last):
  File "/home/sarlahinews/virtualenv/news_portal/3.8/lib/python3.8/site-packages/django/core/handlers/exception.py", line 55, in inner
    response = get_response(request)
  File "/home/sarlahinews/virtualenv/news_portal/3.8/lib/python3.8/site-packages/django/utils/deprecation.py", line 133, in __call__
    response = self.process_request(request)
  File "/home/sarlahinews/virtualenv/news_portal/3.8/lib/python3.8/site-packages/django/middleware/common.py", line 48, in process_request
    host = request.get_host()
  File "/home/sarlahinews/virtualenv/news_portal/3.8/lib/python3.8/site-packages/django/http/request.py", line 150, in get_host
    raise DisallowedHost(msg)
django.core.exceptions.DisallowedHost: Invalid HTTP_HOST header: 'sarlahinews.com'. You may need to add 'sarlahinews.com' to ALLOWED_HOSTS.
Bad Request: /
Invalid HTTP_HOST header: 'www.sarlahinews.com'. You may need to add 'www.sarlahinews.com' to ALLOWED_HOSTS.
Traceback (most recent call last):
  File "/home/sarlahinews/virtualenv/news_portal/3.8/lib/python3.8/site-packages/django/core/handlers/exception.py", line 55, in inner
    response = get_response(request)
  File "/home/sarlahinews/virtualenv/news_portal/3.8/lib/python3.8/site-packages/django/utils/deprecation.py", line 133, in __call__
    response = self.process_request(request)
  File "/home/sarlahinews/virtualenv/news_portal/3.8/lib/python3.8/site-packages/django/middleware/common.py", line 48, in process_request
    host = request.get_host()
  File "/home/sarlahinews/virtualenv/news_portal/3.8/lib/python3.8/site-packages/django/http/request.py", line 150, in get_host
    raise DisallowedHost(msg)
django.core.exceptions.DisallowedHost: Invalid HTTP_HOST header: 'www.sarlahinews.com'. You may need to add 'www.sarlahinews.com' to ALLOWED_HOSTS.
Bad Request: /
Invalid HTTP_HOST header: 'sarlahinews.com'. You may need to add 'sarlahinews.com' to ALLOWED_HOSTS.
Traceback (most recent call last):
  File "/home/sarlahinews/virtualenv/news_portal/3.8/lib/python3.8/site-packages/django/core/handlers/exception.py", line 55, in inner
    response = get_response(request)
  File "/home/sarlahinews/virtualenv/news_portal/3.8/lib/python3.8/site-packages/django/utils/deprecation.py", line 133, in __call__
    response = self.process_request(request)
  File "/home/sarlahinews/virtualenv/news_portal/3.8/lib/python3.8/site-packages/django/middleware/common.py", line 48, in process_request
    host = request.get_host()
  File "/home/sarlahinews/virtualenv/news_portal/3.8/lib/python3.8/site-packages/django/http/request.py", line 150, in get_host
    raise DisallowedHost(msg)
django.core.exceptions.DisallowedHost: Invalid HTTP_HOST header: 'sarlahinews.com'. You may need to add 'sarlahinews.com' to ALLOWED_HOSTS.
Bad Request: /index.php
Invalid HTTP_HOST header: 'sarlahinews.com'. You may need to add 'sarlahinews.com' to ALLOWED_HOSTS.
Traceback (most recent call last):
  File "/home/sarlahinews/virtualenv/news_portal/3.8/lib/python3.8/site-packages/django/core/handlers/exception.py", line 55, in inner
    response = get_response(request)
  File "/home/sarlahinews/virtualenv/news_portal/3.8/lib/python3.8/site-packages/django/utils/deprecation.py", line 133, in __call__
    response = self.process_request(request)
  File "/home/sarlahinews/virtualenv/news_portal/3.8/lib/python3.8/site-packages/django/middleware/common.py", line 48, in process_request
    host = request.get_host()
  File "/home/sarlahinews/virtualenv/news_portal/3.8/lib/python3.8/site-packages/django/http/request.py", line 150, in get_host
    raise DisallowedHost(msg)
django.core.exceptions.DisallowedHost: Invalid HTTP_HOST header: 'sarlahinews.com'. You may need to add 'sarlahinews.com' to ALLOWED_HOSTS.
Bad Request: /index.php
Invalid HTTP_HOST header: 'sarlahinews.com'. You may need to add 'sarlahinews.com' to ALLOWED_HOSTS.
Traceback (most recent call last):
  File "/home/sarlahinews/virtualenv/news_portal/3.8/lib/python3.8/site-packages/django/core/handlers/exception.py", line 55, in inner
    response = get_response(request)
  File "/home/sarlahinews/virtualenv/news_portal/3.8/lib/python3.8/site-packages/django/utils/deprecation.py", line 133, in __call__
    response = self.process_request(request)
  File "/home/sarlahinews/virtualenv/news_portal/3.8/lib/python3.8/site-packages/django/middleware/common.py", line 48, in process_request
    host = request.get_host()
  File "/home/sarlahinews/virtualenv/news_portal/3.8/lib/python3.8/site-packages/django/http/request.py", line 150, in get_host
    raise DisallowedHost(msg)
django.core.exceptions.DisallowedHost: Invalid HTTP_HOST header: 'sarlahinews.com'. You may need to add 'sarlahinews.com' to ALLOWED_HOSTS.
Bad Request: /index.php
Invalid HTTP_HOST header: 'sarlahinews.com'. You may need to add 'sarlahinews.com' to ALLOWED_HOSTS.
Traceback (most recent call last):
  File "/home/sarlahinews/virtualenv/news_portal/3.8/lib/python3.8/site-packages/django/core/handlers/exception.py", line 55, in inner
    response = get_response(request)
  File "/home/sarlahinews/virtualenv/news_portal/3.8/lib/python3.8/site-packages/django/utils/deprecation.py", line 133, in __call__
    response = self.process_request(request)
  File "/home/sarlahinews/virtualenv/news_portal/3.8/lib/python3.8/site-packages/django/middleware/common.py", line 48, in process_request
    host = request.get_host()
  File "/home/sarlahinews/virtualenv/news_portal/3.8/lib/python3.8/site-packages/django/http/request.py", line 150, in get_host
    raise DisallowedHost(msg)
django.core.exceptions.DisallowedHost: Invalid HTTP_HOST header: 'sarlahinews.com'. You may need to add 'sarlahinews.com' to ALLOWED_HOSTS.
Bad Request: /index.php
Invalid HTTP_HOST header: 'www.sarlahinews.com'. You may need to add 'www.sarlahinews.com' to ALLOWED_HOSTS.
Traceback (most recent call last):
  File "/home/sarlahinews/virtualenv/news_portal/3.8/lib/python3.8/site-packages/django/core/handlers/exception.py", line 55, in inner
    response = get_response(request)
  File "/home/sarlahinews/virtualenv/news_portal/3.8/lib/python3.8/site-packages/django/utils/deprecation.py", line 133, in __call__
    response = self.process_request(request)
  File "/home/sarlahinews/virtualenv/news_portal/3.8/lib/python3.8/site-packages/django/middleware/common.py", line 48, in process_request
    host = request.get_host()
  File "/home/sarlahinews/virtualenv/news_portal/3.8/lib/python3.8/site-packages/django/http/request.py", line 150, in get_host
    raise DisallowedHost(msg)
django.core.exceptions.DisallowedHost: Invalid HTTP_HOST header: 'www.sarlahinews.com'. You may need to add 'www.sarlahinews.com' to ALLOWED_HOSTS.
Bad Request: /
Invalid HTTP_HOST header: 'www.sarlahinews.com'. You may need to add 'www.sarlahinews.com' to ALLOWED_HOSTS.
Traceback (most recent call last):
  File "/home/sarlahinews/virtualenv/news_portal/3.8/lib/python3.8/site-packages/django/core/handlers/exception.py", line 55, in inner
    response = get_response(request)
  File "/home/sarlahinews/virtualenv/news_portal/3.8/lib/python3.8/site-packages/django/utils/deprecation.py", line 133, in __call__
    response = self.process_request(request)
  File "/home/sarlahinews/virtualenv/news_portal/3.8/lib/python3.8/site-packages/django/middleware/common.py", line 48, in process_request
    host = request.get_host()
  File "/home/sarlahinews/virtualenv/news_portal/3.8/lib/python3.8/site-packages/django/http/request.py", line 150, in get_host
    raise DisallowedHost(msg)
django.core.exceptions.DisallowedHost: Invalid HTTP_HOST header: 'www.sarlahinews.com'. You may need to add 'www.sarlahinews.com' to ALLOWED_HOSTS.
Bad Request: /
Invalid HTTP_HOST header: 'sarlahinews.com'. You may need to add 'sarlahinews.com' to ALLOWED_HOSTS.
Traceback (most recent call last):
  File "/home/sarlahinews/virtualenv/news_portal/3.8/lib/python3.8/site-packages/django/core/handlers/exception.py", line 55, in inner
    response = get_response(request)
  File "/home/sarlahinews/virtualenv/news_portal/3.8/lib/python3.8/site-packages/django/utils/deprecation.py", line 133, in __call__
    response = self.process_request(request)
  File "/home/sarlahinews/virtualenv/news_portal/3.8/lib/python3.8/site-packages/django/middleware/common.py", line 48, in process_request
    host = request.get_host()
  File "/home/sarlahinews/virtualenv/news_portal/3.8/lib/python3.8/site-packages/django/http/request.py", line 150, in get_host
    raise DisallowedHost(msg)
django.core.exceptions.DisallowedHost: Invalid HTTP_HOST header: 'sarlahinews.com'. You may need to add 'sarlahinews.com' to ALLOWED_HOSTS.
Bad Request: /index.php
Invalid HTTP_HOST header: 'sarlahinews.com'. You may need to add 'sarlahinews.com' to ALLOWED_HOSTS.
Traceback (most recent call last):
  File "/home/sarlahinews/virtualenv/news_portal/3.8/lib/python3.8/site-packages/django/core/handlers/exception.py", line 55, in inner
    response = get_response(request)
  File "/home/sarlahinews/virtualenv/news_portal/3.8/lib/python3.8/site-packages/django/utils/deprecation.py", line 133, in __call__
    response = self.process_request(request)
  File "/home/sarlahinews/virtualenv/news_portal/3.8/lib/python3.8/site-packages/django/middleware/common.py", line 48, in process_request
    host = request.get_host()
  File "/home/sarlahinews/virtualenv/news_portal/3.8/lib/python3.8/site-packages/django/http/request.py", line 150, in get_host
    raise DisallowedHost(msg)
django.core.exceptions.DisallowedHost: Invalid HTTP_HOST header: 'sarlahinews.com'. You may need to add 'sarlahinews.com' to ALLOWED_HOSTS.
Bad Request: /index.php
Invalid HTTP_HOST header: 'www.sarlahinews.com'. You may need to add 'www.sarlahinews.com' to ALLOWED_HOSTS.
Traceback (most recent call last):
  File "/home/sarlahinews/virtualenv/news_portal/3.8/lib/python3.8/site-packages/django/core/handlers/exception.py", line 55, in inner
    response = get_response(request)
  File "/home/sarlahinews/virtualenv/news_portal/3.8/lib/python3.8/site-packages/django/utils/deprecation.py", line 133, in __call__
    response = self.process_request(request)
  File "/home/sarlahinews/virtualenv/news_portal/3.8/lib/python3.8/site-packages/django/middleware/common.py", line 48, in process_request
    host = request.get_host()
  File "/home/sarlahinews/virtualenv/news_portal/3.8/lib/python3.8/site-packages/django/http/request.py", line 150, in get_host
    raise DisallowedHost(msg)
django.core.exceptions.DisallowedHost: Invalid HTTP_HOST header: 'www.sarlahinews.com'. You may need to add 'www.sarlahinews.com' to ALLOWED_HOSTS.
Bad Request: /
Not Found: /index.php
Not Found: /index.php
Not Found: /index.php
Not Found: /index.php
Not Found: /index.php
Not Found: /index.php
Not Found: /index.php
Internal Server Error: /articles/5/
Traceback (most recent call last):
  File "/home/sarlahinews/virtualenv/news_portal/3.8/lib/python3.8/site-packages/django/template/base.py", line 880, in _resolve_lookup
    current = current[bit]
TypeError: 'ImageFieldFile' object is not subscriptable

During handling of the above exception, another exception occurred:

Traceback (most recent call last):
  File "/home/sarlahinews/virtualenv/news_portal/3.8/lib/python3.8/site-packages/django/core/handlers/exception.py", line 55, in inner
    response = get_response(request)
  File "/home/sarlahinews/virtualenv/news_portal/3.8/lib/python3.8/site-packages/django/core/handlers/base.py", line 197, in _get_response
    response = wrapped_callback(request, *callback_args, **callback_kwargs)
  File "/home/sarlahinews/news_portal/articles/views.py", line 48, in article_detail
    return render(request, "articles/article_detail.html", {'article': article, 'view_count': view.count,"categories":category,"articles":articles})
  File "/home/sarlahinews/virtualenv/news_portal/3.8/lib/python3.8/site-packages/django/shortcuts.py", line 24, in render
    content = loader.render_to_string(template_name, context, request, using=using)
  File "/home/sarlahinews/virtualenv/news_portal/3.8/lib/python3.8/site-packages/django/template/loader.py", line 62, in render_to_string
    return template.render(context, request)
  File "/home/sarlahinews/virtualenv/news_portal/3.8/lib/python3.8/site-packages/django/template/backends/django.py", line 61, in render
    return self.template.render(context)
  File "/home/sarlahinews/virtualenv/news_portal/3.8/lib/python3.8/site-packages/django/template/base.py", line 175, in render
    return self._render(context)
  File "/home/sarlahinews/virtualenv/news_portal/3.8/lib/python3.8/site-packages/django/template/base.py", line 167, in _render
    return self.nodelist.render(context)
  File "/home/sarlahinews/virtualenv/news_portal/3.8/lib/python3.8/site-packages/django/template/base.py", line 1005, in render
    return SafeString("".join([node.render_annotated(context) for node in self]))
  File "/home/sarlahinews/virtualenv/news_portal/3.8/lib/python3.8/site-packages/django/template/base.py", line 1005, in <listcomp>
    return SafeString("".join([node.render_annotated(context) for node in self]))
  File "/home/sarlahinews/virtualenv/news_portal/3.8/lib/python3.8/site-packages/django/template/base.py", line 966, in render_annotated
    return self.render(context)
  File "/home/sarlahinews/virtualenv/news_portal/3.8/lib/python3.8/site-packages/django/template/loader_tags.py", line 157, in render
    return compiled_parent._render(context)
  File "/home/sarlahinews/virtualenv/news_portal/3.8/lib/python3.8/site-packages/django/template/base.py", line 167, in _render
    return self.nodelist.render(context)
  File "/home/sarlahinews/virtualenv/news_portal/3.8/lib/python3.8/site-packages/django/template/base.py", line 1005, in render
    return SafeString("".join([node.render_annotated(context) for node in self]))
  File "/home/sarlahinews/virtualenv/news_portal/3.8/lib/python3.8/site-packages/django/template/base.py", line 1005, in <listcomp>
    return SafeString("".join([node.render_annotated(context) for node in self]))
  File "/home/sarlahinews/virtualenv/news_portal/3.8/lib/python3.8/site-packages/django/template/base.py", line 966, in render_annotated
    return self.render(context)
  File "/home/sarlahinews/virtualenv/news_portal/3.8/lib/python3.8/site-packages/django/template/base.py", line 1064, in render
    output = self.filter_expression.resolve(context)
  File "/home/sarlahinews/virtualenv/news_portal/3.8/lib/python3.8/site-packages/django/template/base.py", line 715, in resolve
    obj = self.var.resolve(context)
  File "/home/sarlahinews/virtualenv/news_portal/3.8/lib/python3.8/site-packages/django/template/base.py", line 847, in resolve
    value = self._resolve_lookup(context)
  File "/home/sarlahinews/virtualenv/news_portal/3.8/lib/python3.8/site-packages/django/template/base.py", line 890, in _resolve_lookup
    current = getattr(current, bit)
  File "/home/sarlahinews/virtualenv/news_portal/3.8/lib/python3.8/site-packages/django/db/models/fields/files.py", line 66, in url
    self._require_file()
  File "/home/sarlahinews/virtualenv/news_portal/3.8/lib/python3.8/site-packages/django/db/models/fields/files.py", line 41, in _require_file
    raise ValueError(
ValueError: The 'image' attribute has no file associated with it.
Not Found: /index.php
Not Found: /index.php
Not Found: /index.php
Not Found: /product/A
Not Found: /index.php
Not Found: /index.php
Not Found: /index.php
Not Found: /index.php
Not Found: /index.php
Not Found: /index.php
Not Found: /index.php
Not Found: /index.php
Not Found: /index.php
Not Found: /index.php
Not Found: /index.php
Not Found: /index.php
Not Found: /index.php
Not Found: /wp-content/uploads/2023/07/inbound1502135548908468298.jpg
Not Found: /index.php
Not Found: /index.php
Not Found: /index.php
Not Found: /index.php
Not Found: /index.php
Not Found: /product/U
Not Found: /index.php
Not Found: /wp-content/uploads/2023/09/inbound4674800032676520538.jpg
Not Found: /wp-content/uploads/2023/09/inbound4674800032676520538.jpg
Not Found: /product/H
Not Found: /index.php
Not Found: /index.php
Not Found: /index.php
Not Found: /product/J
Not Found: /index.php
Not Found: /index.php
Not Found: /product/A
Not Found: /index.php
Not Found: /product/O
Not Found: /index.php
Not Found: /product/N
Not Found: /index.php
Not Found: /product/N
Not Found: /product/F
Not Found: /index.php
Not Found: /index.php
Not Found: /index.php
Not Found: /product/O
Not Found: /product/I
Not Found: /index.php
Not Found: /product/X
Not Found: /index.php
Not Found: /index.php
Not Found: /index.php
Not Found: /index.php
Not Found: /index.php
Not Found: /product/P
Not Found: /product/V
Not Found: /index.php
Not Found: /wp-json/tdw/save_css
Not Found: /index.php
Not Found: /index.php
Not Found: /index.php
Not Found: /product/G
Not Found: /product/Q
Not Found: /index.php
Not Found: /product/D
Not Found: /category/browse.html
Not Found: /product/D
Not Found: /index.php
Not Found: /product/K
Not Found: /index.phpcproduct/C
Not Found: /index.php
Not Found: /category/browse.html
Not Found: /index.php
Not Found: /index.php
Not Found: /page/2/
Not Found: /index.php
Not Found: /index.php
Not Found: /index.php
Not Found: /index.php
Not Found: /index.php
Not Found: /index.php
Not Found: /index.php
Not Found: /index.php
Not Found: /page/3/
Not Found: /index.php
Not Found: /index.php
Not Found: /product/A
Not Found: /index.php
Not Found: /index.php
Not Found: /product/Y
Not Found: /index.php
Not Found: /index.php
Not Found: /robots.txt
Not Found: /index.php
Not Found: /index.php
Not Found: /index.php
Not Found: /index.php
Not Found: /index.php
Not Found: /index.php
Not Found: /index.php
Not Found: /index.php
Not Found: /index.php
Not Found: /index.php
Not Found: /index.php
Not Found: /index.php
Not Found: /index.php
Not Found: /product/K
Not Found: /index.php
Not Found: /page/354/
Not Found: /page/2/
Not Found: /index.php
Not Found: /index.php
Not Found: /index.php
Not Found: /index.php
Not Found: /index.php
Not Found: /product/T
Not Found: /product/N
Not Found: /product/H
Not Found: /wp-content/uploads/2023/07/inbound5485587609279388657.jpg
Not Found: /page/354/
Not Found: /product/Q
Not Found: /product/B
Not Found: /product/T
Not Found: /index.php
Not Found: /9dbrb6m9
Not Found: /product/X
Not Found: /index.php
Not Found: /index.php
Not Found: /index.php
Not Found: /index.php
Not Found: /index.php
Not Found: /index.php
Not Found: /index.php
Not Found: /index.php
Not Found: /index.php
Not Found: /index.php
Not Found: /index.php
Not Found: /index.php
Not Found: /robots.txt
Not Found: /page/353/
Not Found: /index.php
Not Found: /index.php
Not Found: /index.php
Not Found: /index.php
Not Found: /index.php
Not Found: /index.php
Not Found: /index.php
Not Found: /wp-content/uploads/2023/07/raswapa.jpg
Not Found: /index.php
Not Found: /index.php
Not Found: /wp-json/tdw/save_css
Not Found: /au7wghz7h0i
Not Found: /index.php
Not Found: /index.php
Not Found: /index.php
Not Found: /index.php
Not Found: /index.php
Not Found: /index.php
Not Found: /product/T
Not Found: /index.php
Not Found: /index.php
Not Found: /index.php
Not Found: /product/S
Not Found: /index.php
Not Found: /index.php
Not Found: /index.php
Not Found: /index.php
Not Found: /index.php
Not Found: /index.php
Not Found: /index.php
Not Found: /robots.txt
Internal Server Error: /articles/8/
Traceback (most recent call last):
  File "/home/sarlahinews/virtualenv/news_portal/3.8/lib/python3.8/site-packages/django/template/base.py", line 880, in _resolve_lookup
    current = current[bit]
TypeError: 'ImageFieldFile' object is not subscriptable

During handling of the above exception, another exception occurred:

Traceback (most recent call last):
  File "/home/sarlahinews/virtualenv/news_portal/3.8/lib/python3.8/site-packages/django/core/handlers/exception.py", line 55, in inner
    response = get_response(request)
  File "/home/sarlahinews/virtualenv/news_portal/3.8/lib/python3.8/site-packages/django/core/handlers/base.py", line 197, in _get_response
    response = wrapped_callback(request, *callback_args, **callback_kwargs)
  File "/home/sarlahinews/news_portal/articles/views.py", line 48, in article_detail
    return render(request, "articles/article_detail.html", {'article': article, 'view_count': view.count,"categories":category,"articles":articles})
  File "/home/sarlahinews/virtualenv/news_portal/3.8/lib/python3.8/site-packages/django/shortcuts.py", line 24, in render
    content = loader.render_to_string(template_name, context, request, using=using)
  File "/home/sarlahinews/virtualenv/news_portal/3.8/lib/python3.8/site-packages/django/template/loader.py", line 62, in render_to_string
    return template.render(context, request)
  File "/home/sarlahinews/virtualenv/news_portal/3.8/lib/python3.8/site-packages/django/template/backends/django.py", line 61, in render
    return self.template.render(context)
  File "/home/sarlahinews/virtualenv/news_portal/3.8/lib/python3.8/site-packages/django/template/base.py", line 175, in render
    return self._render(context)
  File "/home/sarlahinews/virtualenv/news_portal/3.8/lib/python3.8/site-packages/django/template/base.py", line 167, in _render
    return self.nodelist.render(context)
  File "/home/sarlahinews/virtualenv/news_portal/3.8/lib/python3.8/site-packages/django/template/base.py", line 1005, in render
    return SafeString("".join([node.render_annotated(context) for node in self]))
  File "/home/sarlahinews/virtualenv/news_portal/3.8/lib/python3.8/site-packages/django/template/base.py", line 1005, in <listcomp>
    return SafeString("".join([node.render_annotated(context) for node in self]))
  File "/home/sarlahinews/virtualenv/news_portal/3.8/lib/python3.8/site-packages/django/template/base.py", line 966, in render_annotated
    return self.render(context)
  File "/home/sarlahinews/virtualenv/news_portal/3.8/lib/python3.8/site-packages/django/template/loader_tags.py", line 157, in render
    return compiled_parent._render(context)
  File "/home/sarlahinews/virtualenv/news_portal/3.8/lib/python3.8/site-packages/django/template/base.py", line 167, in _render
    return self.nodelist.render(context)
  File "/home/sarlahinews/virtualenv/news_portal/3.8/lib/python3.8/site-packages/django/template/base.py", line 1005, in render
    return SafeString("".join([node.render_annotated(context) for node in self]))
  File "/home/sarlahinews/virtualenv/news_portal/3.8/lib/python3.8/site-packages/django/template/base.py", line 1005, in <listcomp>
    return SafeString("".join([node.render_annotated(context) for node in self]))
  File "/home/sarlahinews/virtualenv/news_portal/3.8/lib/python3.8/site-packages/django/template/base.py", line 966, in render_annotated
    return self.render(context)
  File "/home/sarlahinews/virtualenv/news_portal/3.8/lib/python3.8/site-packages/django/template/base.py", line 1064, in render
    output = self.filter_expression.resolve(context)
  File "/home/sarlahinews/virtualenv/news_portal/3.8/lib/python3.8/site-packages/django/template/base.py", line 715, in resolve
    obj = self.var.resolve(context)
  File "/home/sarlahinews/virtualenv/news_portal/3.8/lib/python3.8/site-packages/django/template/base.py", line 847, in resolve
    value = self._resolve_lookup(context)
  File "/home/sarlahinews/virtualenv/news_portal/3.8/lib/python3.8/site-packages/django/template/base.py", line 890, in _resolve_lookup
    current = getattr(current, bit)
  File "/home/sarlahinews/virtualenv/news_portal/3.8/lib/python3.8/site-packages/django/db/models/fields/files.py", line 66, in url
    self._require_file()
  File "/home/sarlahinews/virtualenv/news_portal/3.8/lib/python3.8/site-packages/django/db/models/fields/files.py", line 41, in _require_file
    raise ValueError(
ValueError: The 'image' attribute has no file associated with it.
Not Found: /index.php
Not Found: /index.php
Not Found: /index.php
Not Found: /index.php
Not Found: /index.php
Not Found: /index.php
Not Found: /index.php
Not Found: /index.php
Not Found: /product/N
Not Found: /product/W
Not Found: /index.php
Not Found: /index.php
Not Found: /page/3/
Not Found: /index.php
Not Found: /index.php
Not Found: /index.php
Not Found: /index.php
Not Found: /index.php
Not Found: /index.php
Not Found: /index.php
Not Found: /page/2/
Not Found: /index.php
Not Found: /index.php
Not Found: /index.php
Not Found: /index.php
Not Found: /index.php
Not Found: /index.php
Not Found: /index.php
Not Found: /index.php
Not Found: /page/354/
Not Found: /index.php
Not Found: /product/E
Not Found: /index.php
Not Found: /index.php
Not Found: /index.php
Not Found: /robots.txt
Not Found: /product/M
Not Found: /index.php
Not Found: /2023/12/04/%E0%A4%86%E0%A4%9C-%E0%A4%AE%E0%A4%82%E0%A4%B8%E0%A4%BF%E0%A4%B0-%E0%A5%A7%E0%A5%AF-%E0%A4%97%E0%A4%A4%E0%A5%87-%E0%A4%AE%E0%A4%82%E0%A4%97%E0%A4%B2%E0%A4%AC%E0%A4%BE%E0%A4%B0-%E0%A4%B9%E0%A5%87/
Not Found: /category/browse.html
Not Found: /index.php
Not Found: /wp-json/tdw/save_css
Not Found: /index.php
Not Found: /index.php
Not Found: /index.php
Not Found: /index.php
Not Found: /product/Q
Not Found: /product/L
Not Found: /index.php
Not Found: /index.php
Not Found: /index.php
Not Found: /wp-content/uploads/2023/11/inbound6327702941792710479.gif
Not Found: /index.php
Not Found: /index.php
Not Found: /index.php
Not Found: /index.php
Not Found: /index.php
Not Found: /wp-json/tdw/save_css
Not Found: /index.php
Not Found: /index.php
Not Found: /index.php
Not Found: /index.php
Not Found: /index.php
Not Found: /index.php
Not Found: /index.php
Not Found: /robots.txt
Not Found: /index.php
Not Found: /product/R
Not Found: /product/S
Not Found: /index.php
Not Found: /index.php
Not Found: /page/3/
Not Found: /index.php
Not Found: /index.php
Not Found: /wp-json/tdw/save_css
Not Found: /product/Z
Not Found: /index.php
Not Found: /index.php
Not Found: /index.php
Not Found: /index.php
Not Found: /index.php
Not Found: /index.php
Not Found: /index.php
Not Found: /product/O
Not Found: /index.php
Not Found: /index.php
Not Found: /index.php
Not Found: /index.php
Not Found: /index.php
Not Found: /wp-json/tdw/save_css
Not Found: /product/W
Not Found: /index.php
Not Found: /index.php
Not Found: /index.php
Not Found: /index.php
Not Found: /index.php
Not Found: /index.php
Not Found: /index.php
Not Found: /page/353/
Not Found: /wp-json/tdw/save_css
Not Found: /product/P
Not Found: /product/E
Not Found: /product/G
Not Found: /robots.txt
Not Found: /index.php
Not Found: /index.php
Not Found: /index.php
Not Found: /index.php
Not Found: /index.php
Not Found: /index.php
Not Found: /index.php
Not Found: /index.php
Not Found: /index.php
Not Found: /index.php
Not Found: /index.php
Not Found: /index.php
Not Found: /index.php
Not Found: /index.php
Not Found: /index.php
Not Found: /index.php
Not Found: /index.php
Not Found: /index.php
Not Found: /index.php
Not Found: /index.php
Not Found: /index.php
Not Found: /index.php
Not Found: /index.php
Not Found: /index.php
Not Found: /index.php
Not Found: /index.php
Not Found: /index.php
Not Found: /index.php
Not Found: /index.php
Not Found: /2024/01/05/%E0%A4%B8%E0%A4%B6%E0%A4%B8%E0%A5%8D%E0%A4%A4%E0%A5%8D%E0%A4%B0%E0%A4%AE%E0%A4%BE-%E0%A4%87%E0%A4%A8%E0%A5%8D%E0%A4%B8%E0%A5%8D%E0%A4%AA%E0%A5%87%E0%A4%95%E0%A5%8D%E0%A4%9F%E0%A4%B0-%E0%A4%B0/
Not Found: /index.php
Not Found: /index.php
Not Found: /index.php
Not Found: /index.php
Not Found: /index.php
Not Found: /index.php
Not Found: /index.php
Not Found: /index.php
Not Found: /index.php
Not Found: /index.php
Not Found: /index.php
Not Found: /index.php
Not Found: /index.php
Not Found: /page/353/
Not Found: /index.php
Not Found: /index.php
Not Found: /wp-content/uploads/adv/hitech.gif
Not Found: /index.php
Not Found: /wp-content/uploads/2023/05/inbound1695713234563122986.jpg
Not Found: /product/L
Not Found: /index.php
Not Found: /product/Y
Not Found: /product/I
Not Found: /product/X
Not Found: /wp-content/uploads/2023/02/inbound281206754830569797-scaled.jpg
Not Found: /wp-content/uploads/2023/02/inbound281206754830569797-scaled.jpg
Not Found: /index.php
Not Found: /index.php
Not Found: /index.php
Not Found: /index.php
Not Found: /index.php
Not Found: /index.php
Not Found: /index.php
Not Found: /index.php
Not Found: /index.php
Not Found: /product/N
Not Found: /product/C
Not Found: /2022/08/05/%E0%A4%A8%E0%A5%8D%E0%A4%AF%E0%A4%BE%E0%A4%AF-%E0%A4%AE%E0%A4%BE%E0%A4%97%E0%A5%8D%E0%A4%A8-%E0%A4%B8%E0%A4%BF%E0%A4%82%E0%A4%B9%E0%A4%A6%E0%A4%B0%E0%A4%AC%E0%A4%BE%E0%A4%B0-%E0%A4%AA%E0%A5%81/
Not Found: /index.php
Not Found: /index.php
Not Found: /index.php
Not Found: /index.php
Not Found: /index.php
Not Found: /product/T
Not Found: /page/353/
Not Found: /index.php
Not Found: /index.php
Not Found: /product/C
Not Found: /index.php
Not Found: /index.php
Not Found: /index.php
Not Found: /index.php
Not Found: /index.php
Not Found: /index.php
Not Found: /product/X
Not Found: /index.php
Not Found: /2022/04/30/%e0%a4%b2%e0%a4%be%e0%a4%b2%e0%a4%ac%e0%a4%a8%e0%a5%8d%e0%a4%a6%e0%a5%80%e0%a4%95%e0%a5%8b-%e0%a4%ae%e0%a5%87%e0%a4%af%e0%a4%b0%e0%a4%ae%e0%a4%be-%e0%a4%95%e0%a4%be%e0%a4%82%e0%a4%97%e0%a5%8d%e0%a4%b0/
Not Found: /3qgflt
Not Found: /index.php
Not Found: /index.php
Not Found: /index.php
Not Found: /qcw9ensj
Not Found: /index.php
Not Found: /robots.txt
Not Found: /index.php
Not Found: /product/E
Not Found: /index.php
Not Found: /index.php
Not Found: /index.php
Not Found: /index.php
Not Found: /wp-json/tdw/save_css
Not Found: /index.php
Not Found: /index.php
Not Found: /product/M
Not Found: /index.php
Not Found: /product/Z
Not Found: /index.php
Not Found: /product/V
Not Found: /wp-content/uploads/2023/03/inbound7090970463328775096.jpg
Not Found: /index.php
Not Found: /wp-json/tdw/save_css
Not Found: /product/N
Not Found: /index.php
Not Found: /index.php
Not Found: /index.php
Not Found: /index.php
Not Found: /index.php
Not Found: /index.php
Not Found: /skin/images/logo.jpg
Not Found: /index.php
Not Found: /index.php
Not Found: /index.phpkproduct/W
Not Found: /index.php
Not Found: /index.php
Not Found: /index.php
Not Found: /index.php
Not Found: /index.php
Not Found: /index.php
Not Found: /index.php
Not Found: /index.php
Not Found: /index.php
Not Found: /index.php
Not Found: /index.php
Not Found: /index.php
Not Found: /index.php
Not Found: /wp-json/tdw/save_css
Not Found: /index.php
Not Found: /index.php
Not Found: /index.php
Not Found: /index.php
Not Found: /index.php
Not Found: /index.php
Not Found: /index.php
Not Found: /index.php
Not Found: /index.php
Not Found: /index.php
Not Found: /index.php
Not Found: /index.php
Not Found: /index.php
Not Found: /index.php
Not Found: /index.php
Not Found: /index.php
Not Found: /index.php
Not Found: /index.php
Not Found: /index.php
Not Found: /product/H
Not Found: /robots.txt
Not Found: /index.php
Not Found: /index.php
Not Found: /index.php
Not Found: /index.php
Not Found: /index.php
Not Found: /index.php
Not Found: /index.php
Not Found: /index.php
Not Found: /index.php
Not Found: /index.php
Not Found: /index.php
Not Found: /index.php
Not Found: /index.php
Not Found: /index.php
Not Found: /index.php
Not Found: /index.php
Not Found: /robots.txt
Not Found: /index.php
Not Found: /index.php
Not Found: /index.php
Not Found: /product/C
Not Found: /index.php
Not Found: /index.php
Not Found: /index.php
Not Found: /index.php
Not Found: /index.php
Not Found: /wp-content/uploads/2023/10/inbound9177957238668892510.jpg
Not Found: /index.php
Not Found: /wp-content/uploads/2023/07/inbound3539150476890387595-scaled.jpg
Not Found: /index.php
Not Found: /wp-content/uploads/2023/08/inbound6055119108282206421.jpg
Not Found: /index.php
Not Found: /wp-login.php
Not Found: /wp-login.php
Not Found: /wp-admin/
Not Found: /wp-login.php
Not Found: /wp-admin/
Not Found: /wp-json/tdw/save_css
Not Found: /index.php
Not Found: /wp-content/uploads/2023/04/inbound32549378555411661-696x391.jpg
Not Found: /product/F
Not Found: /index.php
Not Found: /index.php
Not Found: /index.php
Not Found: /product/F
Not Found: /wp-json/tdw/save_css
Not Found: /index.php
Not Found: /index.php
Not Found: /index.php
Not Found: /index.php
Not Found: /index.php
Not Found: /product/Y
Not Found: /wp-content/uploads/2022/04/inbound5110438132900136653-1024x577.jpg
Not Found: /index.php
Not Found: /index.php
Not Found: /index.php
Not Found: /page/3/
Not Found: /ads.txt
Not Found: /index.php
Not Found: /index.php
Not Found: /product/A
Not Found: /index.php
Not Found: /index.php
Not Found: /product/O
Not Found: /product/C
Not Found: /product/T
Not Found: /index.php
Not Found: /product/C
Not Found: /index.php
Not Found: /index.php
Not Found: /index.php
Not Found: /index.php
Not Found: /category/browse.html
Not Found: /index.php
Not Found: /index.php
Not Found: /index.php
Not Found: /index.php
Not Found: /index.php
Not Found: /category/browse.html
Not Found: /index.php
Not Found: /index.php
Not Found: /index.php
Not Found: /index.php
Not Found: /index.php
Not Found: /index.php
Not Found: /index.php
Not Found: /page/2/
Not Found: /index.php
Not Found: /product/Z
Not Found: /index.php
Not Found: /7uazc8xv0sh2
Not Found: /index.php
Not Found: /page/2/
Not Found: /product/O
Not Found: /product/J
Not Found: /index.php
Not Found: /index.php
Not Found: /index.php
Not Found: /index.php
Not Found: /index.php
Not Found: /ccq7imspo
Not Found: /wp-json/tdw/save_css
Not Found: /wp-json/tdw/save_css
Not Found: /product/S
Not Found: /category/browse.html
Not Found: /index.php
Not Found: /robots.txt
Not Found: /index.php
Not Found: /sitemap.xml
Not Found: /robots.txt
Not Found: /index.php
Not Found: /index.php
Not Found: /robots.txt
Not Found: /index.php
Not Found: /index.php
Not Found: /product/Z
Not Found: /wp-content/uploads/2023/09/inbound4674800032676520538.jpg
Not Found: /page/3/
Not Found: /index.php
Not Found: /index.php
Not Found: /sitemap_index.xml
Not Found: /index.php
Not Found: /index.php
Not Found: /index.php
Not Found: /index.php
Not Found: /product/M
Not Found: /index.php
Not Found: /index.php
Not Found: /index.php
Not Found: /index.php
Not Found: /index.php
Not Found: /index.php
Not Found: /index.php
Not Found: /index.php
Not Found: /index.php
Not Found: /index.php
Not Found: /index.php
Not Found: /index.php
Not Found: /index.php
Not Found: /index.php
Not Found: /index.php
Not Found: /index.php
Not Found: /index.php
Not Found: /index.php
Not Found: /index.php
Not Found: /index.php
Not Found: /index.php
Not Found: /index.php
Not Found: /index.php
Not Found: /index.php
Not Found: /index.php
Not Found: /index.php
Not Found: /index.php
Not Found: /index.php
Not Found: /index.php
Not Found: /index.php
Not Found: /index.php
Not Found: /index.php
Not Found: /index.php
Not Found: /index.php
Not Found: /wp-content/uploads/2023/06/inbound544310480517288738-2048x1151.jpg
Not Found: /product/G
Not Found: /index.php
Not Found: /index.php
Not Found: /index.php
Not Found: /nubmze
Not Found: /index.php
Not Found: /index.php
Not Found: /index.php
Not Found: /product/L
Not Found: /wp-content/uploads/2023/07/inbound3624572230981078005.jpg
Not Found: /wp-content/uploads/2023/08/inbound1496657085825402110-scaled.jpg
Not Found: /wp-content/uploads/2024/01/inbound8623289288579634547.jpg
Not Found: /wdwpq2
Not Found: /index.php
Not Found: /index.php
Not Found: /index.php
Not Found: /index.php
Not Found: /index.php
Not Found: /index.php
Not Found: /index.php
Not Found: /index.php
Not Found: /index.php
Not Found: /index.php
Not Found: /index.php
Not Found: /index.php
Not Found: /index.php
Not Found: /index.php
Not Found: /index.php
Not Found: /index.php
Not Found: /index.php
Not Found: /index.php
Not Found: /index.php
Not Found: /index.php
Not Found: /index.php
Not Found: /index.php
Not Found: /index.php
Not Found: /index.php
Not Found: /index.php
Not Found: /index.php
Not Found: /index.php
Not Found: /index.php
Not Found: /index.php
Not Found: /index.php
Not Found: /index.php
Not Found: /index.php
Not Found: /index.php
Not Found: /page/354/
Not Found: /page/3/
Not Found: /index.php
Not Found: /index.php
Not Found: /wp-json/tdw/save_css
Not Found: /product/R
Not Found: /page/2/
Not Found: /index.php
Not Found: /index.php
Not Found: /index.php
Not Found: /index.php
Not Found: /index.php
Not Found: /index.php
Not Found: /index.php
Not Found: /index.php
Not Found: /index.php
Not Found: /index.php
Not Found: /index.php
Not Found: /index.php
Not Found: /index.php
Not Found: /index.php
Not Found: /index.php
Not Found: /index.php
Not Found: /index.php
Not Found: /index.php
Not Found: /index.php
Not Found: /index.php
Not Found: /index.php
Not Found: /product/K
Not Found: /wp-content/uploads/2024/01/inbound8857168817770686162-324x160.jpg
Not Found: /2024/01/16/\u0906\u091c-\u092e\u093e\u0918-\u0966\u0968-\u0917\u0924\u0947-\u092e\u0902\u0917\u0932\u092c\u093e\u0930-\u092f\u0938\u094d\u0924/
Not Found: /2024/01/16/\u0906\u091c-\u092e\u093e\u0918-\u0966\u0968-\u0917\u0924\u0947-\u092e\u0902\u0917\u0932\u092c\u093e\u0930-\u092f\u0938\u094d\u0924/
Not Found: /robots.txt
Not Found: /robots.txt
Not Found: /ads.txt
Not Found: /index.php
Not Found: /index.php
Not Found: /category/71
Not Found: /index.php
Not Found: /wp-content/uploads/2023/04/inbound2191377523620404534-696x391.jpg
Not Found: /index.php
Not Found: /wp-content/uploads/2023/11/inbound7100654412647025220.jpg
Not Found: /wp-content/uploads/2022/06/inbound140574080494588530-scaled.jpg
Not Found: /wp-json/tdw/save_css
Not Found: /index.php
Not Found: /index.php
Not Found: /wp-json/tdw/save_css
Not Found: /product/S
Not Found: /index.php
Not Found: /index.php
Not Found: /index.php
Not Found: /index.php
Not Found: /index.php
Not Found: /index.php
Not Found: /index.php
Not Found: /index.php
Not Found: /index.php
Not Found: /index.php
Not Found: /wp-content/uploads/2022/06/inbound5438845229975619372-scaled.jpg
Not Found: /index.php
Not Found: /product/E
Not Found: /product/Z
Not Found: /index.php
Not Found: /index.php
Not Found: /index.php
Not Found: /index.php
Not Found: /index.php
Not Found: /index.php
Not Found: /index.php
Not Found: /index.php
Not Found: /index.php
Not Found: /index.php
Not Found: /index.php
Not Found: /index.php
Not Found: /index.php
Not Found: /index.php
Not Found: /index.php
Not Found: /index.php
Not Found: /product/R
Not Found: /index.php
Not Found: /index.php
Not Found: /index.php
Not Found: /index.php
Not Found: /index.php
Not Found: /index.php
Not Found: /product/O
Not Found: /index.php
Not Found: /product/H
Not Found: /index.php
Not Found: /index.php
Not Found: /index.php
Not Found: /index.php
Not Found: /index.php
Not Found: /wp-json/tdw/save_css
Not Found: /index.php
Not Found: /index.php
Not Found: /index.php
Not Found: /index.php
Not Found: /page/3/
Not Found: /index.php
Not Found: /index.php
Not Found: /index.php
Not Found: /page/2/
Not Found: /index.php
Not Found: /index.php
Not Found: /product/T
Not Found: /index.php
Not Found: /index.php
Not Found: /index.php
Not Found: /index.php
Not Found: /index.php
Not Found: /index.php
Not Found: /index.php
Not Found: /index.php
Not Found: /index.php
Not Found: /index.php
Not Found: /index.php
Not Found: /index.php
Not Found: /index.php
Not Found: /index.php
Not Found: /index.php
Not Found: /index.php
Not Found: /index.php
Not Found: /index.php
Not Found: /index.php
Not Found: /index.php
Not Found: /index.php
Not Found: /index.php
Not Found: /index.php
Not Found: /index.php
Not Found: /index.php
Not Found: /wp-login.php
Not Found: /wp-login.php
Not Found: /wp-admin/
Not Found: /wp-login.php
Not Found: /wp-admin/
Not Found: /skin/images/lazyload.png
Not Found: /index.php
Not Found: /wp-content/uploads/2024/01/inbound8623289288579634547.jpg
Not Found: /index.php
Not Found: /product/S
Not Found: /index.php
Not Found: /index.php
Not Found: /index.php
Not Found: /index.php
Not Found: /index.php
Not Found: /index.php
Not Found: /index.php
Not Found: /index.php
Not Found: /index.php
Not Found: /index.php
Not Found: /index.php
Not Found: /product/Q
Not Found: /wp-json/tdw/save_css
Not Found: /product/J
Not Found: /index.php
Not Found: /index.phpcrss.xml
Not Found: /index.phpcrss.xml
Not Found: /product/C
Not Found: /index.php
Not Found: /index.php
Not Found: /robots.txt
Not Found: /index.php
Not Found: /index.php
Not Found: /index.phpksaw44fw6ld
Not Found: /index.php
Not Found: /page/3/
Not Found: /index.php
Not Found: /index.php
Not Found: /tz4btsonon
Not Found: /wp-json/tdw/save_css
Not Found: /index.php
Not Found: /page/3/
Not Found: /index.php
Not Found: /index.php
Not Found: /index.php
Not Found: /index.php
Not Found: /index.php
Not Found: /wp-json/tdw/save_css
Not Found: /index.php
Not Found: /index.php
Not Found: /index.php
Not Found: /wp-json/tdw/save_css
Not Found: /index.php
Not Found: /index.php
Not Found: /index.php
Not Found: /index.php
Not Found: /robots.txt
Not Found: /registration
Not Found: /wp-json/tdw/save_css
Not Found: /product/L
Not Found: /index.php
Not Found: /index.php
Not Found: /index.php
Not Found: /index.php
Not Found: /index.php
Not Found: /index.php
Not Found: /index.php
Not Found: /index.php
Not Found: /product/Q
Not Found: /index.php
Not Found: /index.php
Not Found: /index.php
Not Found: /index.php
Not Found: /index.php
Not Found: /index.php
Not Found: /category/browse.html
Not Found: /product/F
Not Found: /index.php
Not Found: /index.php
Not Found: /index.php
Not Found: /index.php
Not Found: /wp-content/uploads/2023/08/inbound6417510048519676264.jpg
Not Found: /product/P
Not Found: /index.php
Not Found: /index.php
Not Found: /index.php
Not Found: /index.php
Not Found: /index.php
Not Found: /index.php
Not Found: /index.php
Not Found: /index.php
Not Found: /2023/02/18/%E0%A4%95%E0%A5%8B%E0%A4%B0%E0%A4%BF%E0%A4%AF%E0%A4%A8-%E0%A4%AD%E0%A4%BE%E0%A4%B7%E0%A4%BE-%E0%A4%AA%E0%A4%B0%E0%A5%80%E0%A4%95%E0%A5%8D%E0%A4%B7%E0%A4%BE%E0%A4%95%E0%A5%8B-%E0%A4%A8%E0%A4%A4/
Not Found: /index.php
Not Found: /index.php
Not Found: /index.php
Not Found: /index.php
Not Found: /index.php
Not Found: /index.php
Not Found: /index.php
Not Found: /index.php
Not Found: /product/Q
Not Found: /index.php
Not Found: /product/E
Not Found: /product/W
Not Found: /product/X
Not Found: /product/E
Not Found: /index.php
Not Found: /product/A
Not Found: /wp-json/tdw/save_css
Not Found: /index.phpkkyuusan-food/privacypolicy.html
Not Found: /wp-content/uploads/2024/01/inbound695950591987075122.jpg
Not Found: /index.php
Not Found: /index.php
Not Found: /index.php
Not Found: /index.php
Not Found: /index.php
Not Found: /index.php
Not Found: /index.php
Not Found: /index.php
Not Found: /index.php
Not Found: /index.php
Not Found: /index.php
Not Found: /index.php
Not Found: /sitemaps.xml
Not Found: /index.php
Not Found: /index.php
Not Found: /robots.txt
Not Found: /index.php
Not Found: /index.php
Not Found: /index.php
Not Found: /index.php
Not Found: /index.php
Not Found: /product/D
Not Found: /index.php
Not Found: /index.php
Not Found: /index.php
Not Found: /index.php
Not Found: /index.php
Not Found: /index.php
Not Found: /index.php
Not Found: /index.php
Not Found: /index.php
Not Found: /index.php
Not Found: /index.php
Not Found: /product/D
Not Found: /index.php
Not Found: /product/W
Not Found: /index.php
Not Found: /index.php
Not Found: /index.php
Not Found: /index.php
Not Found: /index.php
Not Found: /index.php
Not Found: /index.php
Not Found: /index.php
Not Found: /index.php
Not Found: /index.php
Not Found: /index.php
Not Found: /index.php
Not Found: /index.php
Not Found: /index.php
Not Found: /index.php
Not Found: /index.php
Not Found: /index.php
Not Found: /sitemap.xml
Not Found: /index.php
Not Found: /wp-content/uploads/2023/11/inbound6527208187347762412.jpg
Not Found: /index.php
Not Found: /index.php
Not Found: /index.php
Not Found: /index.php
Not Found: /index.php
Not Found: /index.php
Not Found: /4075h90d
Not Found: /index.php
Not Found: /index.php
Not Found: /index.php
Not Found: /index.php
Not Found: /index.php
Not Found: /index.php
Not Found: /product/Z
Not Found: /page/2/
Not Found: /index.php
Not Found: /category/browse.html
Not Found: /product/W
Not Found: /index.php
Not Found: /index.php
Not Found: /index.php
Not Found: /index.php
Not Found: /index.php
Not Found: /index.php
Not Found: /category/13
Not Found: /index.php
Not Found: /index.php
Not Found: /index.php
Not Found: /index.php
Not Found: /index.php
Not Found: /product/E
Not Found: /index.php
Not Found: /index.php
Not Found: /index.php
Not Found: /index.php
Not Found: /index.php
Not Found: /index.php
Not Found: /index.php
Not Found: /index.php
Not Found: /index.php
Not Found: /index.php
Not Found: /index.php
Not Found: /index.php
Not Found: /wp-json/tdw/save_css
Not Found: /product/T
Not Found: /index.php
Not Found: /index.php
Not Found: /index.php
Not Found: /product/F
Not Found: /index.php
Not Found: /page/3/
Not Found: /index.php
Not Found: /product/I
Not Found: /index.php
Not Found: /index.php
Not Found: /index.php
Not Found: /index.php
Not Found: /index.php
Not Found: /index.php
Not Found: /index.php
Not Found: /index.php
Not Found: /index.php
Not Found: /product/O
Not Found: /robots.txt
Not Found: /page/3/
Not Found: /index.php
Not Found: /product/N
Not Found: /index.php
Not Found: /index.php
Not Found: /index.php
Not Found: /index.php
Not Found: /index.php
Not Found: /index.php
Not Found: /index.php
Not Found: /index.php
Not Found: /category/browse.html
Not Found: /product/H
Not Found: /product/M
Not Found: /index.php
Not Found: /index.php
Not Found: /index.php
Not Found: /index.php
Not Found: /product/S
Not Found: /product/S
Not Found: /index.php
Not Found: /index.php
Not Found: /index.php
Not Found: /index.php
Not Found: /index.php
Not Found: /index.php
Not Found: /index.php
Not Found: /index.php
Not Found: /index.php
Not Found: /index.php
Not Found: /index.php
Not Found: /index.php
Not Found: /index.php
Not Found: /index.php
Not Found: /index.php
Not Found: /index.php
Not Found: /index.php
Not Found: /index.php
Not Found: /index.php
Not Found: /index.php
Not Found: /index.php
Not Found: /index.php
Not Found: /index.php
Not Found: /wp-json/tdw/save_css
Not Found: /index.php
Not Found: /index.php
Not Found: /index.php
Not Found: /index.php
Not Found: /index.php
Not Found: /index.php
Not Found: /index.php
Not Found: /index.php
Not Found: /index.php
Not Found: /product/A
Not Found: /index.php
Not Found: /index.php
Not Found: /index.php
Not Found: /index.php
Not Found: /index.php
Not Found: /wp-content/uploads/2023/11/inbound6730842815415069690.jpg
Not Found: /wp-content/uploads/2024/01/inbound1736050707856593057.jpg
Not Found: /index.php
Not Found: /robots.txt
Not Found: /index.php
Not Found: /index.php
Not Found: /index.php
Not Found: /index.php
Not Found: /index.php
Not Found: /index.php
Not Found: /index.php
Not Found: /wp-content/uploads/2023/04/inbound2306808771056893549-218x150.jpg
Not Found: /index.php
Not Found: /product/C
Not Found: /index.php
Not Found: /index.php
Not Found: /index.php
Not Found: /index.php
Not Found: /index.php
Not Found: /index.php
Not Found: /index.php
Not Found: /product/X
Not Found: /index.php
Not Found: /index.php
Not Found: /index.php
Not Found: /index.php
Not Found: /index.php
Not Found: /index.php
Not Found: /index.php
Not Found: /index.php
Internal Server Error: /articles/8/
Traceback (most recent call last):
  File "/home/sarlahinews/virtualenv/news_portal/3.8/lib/python3.8/site-packages/django/template/base.py", line 880, in _resolve_lookup
    current = current[bit]
TypeError: 'ImageFieldFile' object is not subscriptable

During handling of the above exception, another exception occurred:

Traceback (most recent call last):
  File "/home/sarlahinews/virtualenv/news_portal/3.8/lib/python3.8/site-packages/django/core/handlers/exception.py", line 55, in inner
    response = get_response(request)
  File "/home/sarlahinews/virtualenv/news_portal/3.8/lib/python3.8/site-packages/django/core/handlers/base.py", line 197, in _get_response
    response = wrapped_callback(request, *callback_args, **callback_kwargs)
  File "/home/sarlahinews/news_portal/articles/views.py", line 48, in article_detail
    return render(request, "articles/article_detail.html", {'article': article, 'view_count': view.count,"categories":category,"articles":articles})
  File "/home/sarlahinews/virtualenv/news_portal/3.8/lib/python3.8/site-packages/django/shortcuts.py", line 24, in render
    content = loader.render_to_string(template_name, context, request, using=using)
  File "/home/sarlahinews/virtualenv/news_portal/3.8/lib/python3.8/site-packages/django/template/loader.py", line 62, in render_to_string
    return template.render(context, request)
  File "/home/sarlahinews/virtualenv/news_portal/3.8/lib/python3.8/site-packages/django/template/backends/django.py", line 61, in render
    return self.template.render(context)
  File "/home/sarlahinews/virtualenv/news_portal/3.8/lib/python3.8/site-packages/django/template/base.py", line 175, in render
    return self._render(context)
  File "/home/sarlahinews/virtualenv/news_portal/3.8/lib/python3.8/site-packages/django/template/base.py", line 167, in _render
    return self.nodelist.render(context)
  File "/home/sarlahinews/virtualenv/news_portal/3.8/lib/python3.8/site-packages/django/template/base.py", line 1005, in render
    return SafeString("".join([node.render_annotated(context) for node in self]))
  File "/home/sarlahinews/virtualenv/news_portal/3.8/lib/python3.8/site-packages/django/template/base.py", line 1005, in <listcomp>
    return SafeString("".join([node.render_annotated(context) for node in self]))
  File "/home/sarlahinews/virtualenv/news_portal/3.8/lib/python3.8/site-packages/django/template/base.py", line 966, in render_annotated
    return self.render(context)
  File "/home/sarlahinews/virtualenv/news_portal/3.8/lib/python3.8/site-packages/django/template/loader_tags.py", line 157, in render
    return compiled_parent._render(context)
  File "/home/sarlahinews/virtualenv/news_portal/3.8/lib/python3.8/site-packages/django/template/base.py", line 167, in _render
    return self.nodelist.render(context)
  File "/home/sarlahinews/virtualenv/news_portal/3.8/lib/python3.8/site-packages/django/template/base.py", line 1005, in render
    return SafeString("".join([node.render_annotated(context) for node in self]))
  File "/home/sarlahinews/virtualenv/news_portal/3.8/lib/python3.8/site-packages/django/template/base.py", line 1005, in <listcomp>
    return SafeString("".join([node.render_annotated(context) for node in self]))
  File "/home/sarlahinews/virtualenv/news_portal/3.8/lib/python3.8/site-packages/django/template/base.py", line 966, in render_annotated
    return self.render(context)
  File "/home/sarlahinews/virtualenv/news_portal/3.8/lib/python3.8/site-packages/django/template/base.py", line 1064, in render
    output = self.filter_expression.resolve(context)
  File "/home/sarlahinews/virtualenv/news_portal/3.8/lib/python3.8/site-packages/django/template/base.py", line 715, in resolve
    obj = self.var.resolve(context)
  File "/home/sarlahinews/virtualenv/news_portal/3.8/lib/python3.8/site-packages/django/template/base.py", line 847, in resolve
    value = self._resolve_lookup(context)
  File "/home/sarlahinews/virtualenv/news_portal/3.8/lib/python3.8/site-packages/django/template/base.py", line 890, in _resolve_lookup
    current = getattr(current, bit)
  File "/home/sarlahinews/virtualenv/news_portal/3.8/lib/python3.8/site-packages/django/db/models/fields/files.py", line 66, in url
    self._require_file()
  File "/home/sarlahinews/virtualenv/news_portal/3.8/lib/python3.8/site-packages/django/db/models/fields/files.py", line 41, in _require_file
    raise ValueError(
ValueError: The 'image' attribute has no file associated with it.
Not Found: /index.php
Not Found: /index.php
Not Found: /index.php
Not Found: /index.php
Not Found: /index.php
Not Found: /index.php
Not Found: /index.php
Not Found: /index.php
Not Found: /index.php
Not Found: /index.php
Not Found: /page/353/
Not Found: /index.php
Not Found: /product/R
Not Found: /index.php
Not Found: /index.php
Not Found: /index.php
Not Found: /wp-content/uploads/2023/01/inbound1097437803529868224-1024x576.jpg
Not Found: /x4dy5drpc
Not Found: /index.php
Not Found: /index.php
Not Found: /category/browse.html
Not Found: /index.php
Not Found: /wp-json/tdw/save_css
Not Found: /index.php
Not Found: /index.php
Not Found: /index.php
Not Found: /index.php
Not Found: /index.php
Not Found: /wp-content/uploads/2023/10/inbound4943602757311740553.jpg
Not Found: /wp-content/uploads/2023/09/inbound5974272317821424359.jpg
Not Found: /product/G
Not Found: /product/D
Not Found: /index.php
Not Found: /category/browse.html
Not Found: /product/Z
Not Found: /page/3/
Not Found: /index.php
Not Found: /index.php
Not Found: /index.php
Not Found: /index.php
Not Found: /index.php
Not Found: /index.php
Not Found: /2024/01/08/%E0%A4%9C%E0%A4%AF%E0%A4%B6%E0%A4%82%E0%A4%95%E0%A4%B0%E0%A4%95%E0%A5%8B-%E0%A4%B6%E0%A4%B5-%E0%A4%AA%E0%A4%B0%E0%A4%BF%E0%A4%B5%E0%A4%BE%E0%A4%B0%E0%A4%B2%E0%A4%BE%E0%A4%88-%E0%A4%9C%E0%A4%BF/
Not Found: /index.php
Not Found: /index.php
Not Found: /index.php
Not Found: /product/E
Not Found: /index.php
Not Found: /wp-content/uploads/2023/09/inbound4674800032676520538.jpg
Not Found: /index.php
Not Found: /index.php
Not Found: /index.php
Not Found: /index.php
Not Found: /index.php
Not Found: /page/2/
Not Found: /index.php
Invalid HTTP_HOST header: 'mail.sarlahinews.com'. You may need to add 'mail.sarlahinews.com' to ALLOWED_HOSTS.
Traceback (most recent call last):
  File "/home/sarlahinews/virtualenv/news_portal/3.8/lib/python3.8/site-packages/django/core/handlers/exception.py", line 55, in inner
    response = get_response(request)
  File "/home/sarlahinews/virtualenv/news_portal/3.8/lib/python3.8/site-packages/django/utils/deprecation.py", line 133, in __call__
    response = self.process_request(request)
  File "/home/sarlahinews/virtualenv/news_portal/3.8/lib/python3.8/site-packages/django/middleware/common.py", line 48, in process_request
    host = request.get_host()
  File "/home/sarlahinews/virtualenv/news_portal/3.8/lib/python3.8/site-packages/django/http/request.py", line 150, in get_host
    raise DisallowedHost(msg)
django.core.exceptions.DisallowedHost: Invalid HTTP_HOST header: 'mail.sarlahinews.com'. You may need to add 'mail.sarlahinews.com' to ALLOWED_HOSTS.
Bad Request: /
Invalid HTTP_HOST header: 'mail.sarlahinews.com'. You may need to add 'mail.sarlahinews.com' to ALLOWED_HOSTS.
Traceback (most recent call last):
  File "/home/sarlahinews/virtualenv/news_portal/3.8/lib/python3.8/site-packages/django/core/handlers/exception.py", line 55, in inner
    response = get_response(request)
  File "/home/sarlahinews/virtualenv/news_portal/3.8/lib/python3.8/site-packages/django/utils/deprecation.py", line 133, in __call__
    response = self.process_request(request)
  File "/home/sarlahinews/virtualenv/news_portal/3.8/lib/python3.8/site-packages/django/middleware/common.py", line 48, in process_request
    host = request.get_host()
  File "/home/sarlahinews/virtualenv/news_portal/3.8/lib/python3.8/site-packages/django/http/request.py", line 150, in get_host
    raise DisallowedHost(msg)
django.core.exceptions.DisallowedHost: Invalid HTTP_HOST header: 'mail.sarlahinews.com'. You may need to add 'mail.sarlahinews.com' to ALLOWED_HOSTS.
Bad Request: /
Not Found: /product/W
Not Found: /index.php
Not Found: /index.php
Not Found: /index.php
Not Found: /index.php
Not Found: /index.php
Not Found: /wp-json/tdw/save_css
Not Found: /index.php
Not Found: /index.php
Not Found: /index.php
Not Found: /index.php
Not Found: /index.php
Not Found: /index.php
Not Found: /index.php
Not Found: /index.php
Not Found: /index.php
Not Found: /index.php
Not Found: /index.php
Not Found: /product/E
Not Found: /index.php
Not Found: /index.php
Not Found: /index.php
Not Found: /index.php
Not Found: /index.php
Not Found: /wp-content/uploads/2023/01/inbound1888829033550299142.jpg
Not Found: /index.php
Not Found: /product/U
Not Found: /index.php
Not Found: /index.php
Not Found: /skin/images/lazyload.png
Not Found: /index.php
Not Found: /index.php
Not Found: /wp-content/uploads/2022/04/inbound8424287771884711100.jpg
Not Found: /wp-content/uploads/2023/10/inbound9177957238668892510.jpg
Not Found: /wp-content/uploads/2023/08/inbound4827429950731539862.jpg
Not Found: /index.php
Not Found: /index.php
Not Found: /index.php
Not Found: /category/browse.html
Not Found: /index.php
Not Found: /index.php
Not Found: /index.php
Not Found: /index.php
Not Found: /index.php
Not Found: /index.php
Not Found: /index.php
Not Found: /index.php
Not Found: /index.php
Not Found: /index.php
Not Found: /index.php
Not Found: /index.php
Not Found: /product/O
Not Found: /index.php
Not Found: /index.php
Not Found: /product/H
Not Found: /index.php
Not Found: /index.php
Not Found: /index.php
Not Found: /robots.txt
Not Found: /index.php
Not Found: /product/P
Not Found: /index.php
Not Found: /index.php
Not Found: /product/J
Not Found: /index.php
Not Found: /product/O
Not Found: /index.php
Not Found: /2024/01/11/%E0%A4%A4%E0%A4%AA%E0%A4%B8%E0%A5%8D%E0%A4%B5%E0%A5%80-%E0%A4%AD%E0%A4%A8%E0%A4%BF%E0%A4%A8%E0%A5%87-%E0%A4%AC%E0%A4%AE%E0%A5%8D%E0%A4%9C%E0%A4%A8%E0%A4%B2%E0%A4%BE%E0%A4%88/
Not Found: /index.php
Not Found: /index.php
Not Found: /index.php
Not Found: /index.php
Not Found: /category/browse.html
Not Found: /index.php
Not Found: /index.php
Not Found: /product/C
Not Found: /index.php
Not Found: /index.php
Not Found: /index.php
Not Found: /index.php
Not Found: /robots.txt
Not Found: /index.php
Not Found: /index.php
Not Found: /index.php
Not Found: /wp-content/uploads/2023/11/inbound76485588689274176.png
Not Found: /index.php
Not Found: /index.php
Not Found: /index.php
Not Found: /index.php
Not Found: /index.php
Not Found: /index.php
Not Found: /product/N
Not Found: /index.php
Not Found: /index.php
Not Found: /wp-content/uploads/2022/09/inbound3049614313430711751-scaled.jpg
Not Found: /wp-content/uploads/2023/04/inbound1297805394200655574.jpg
Not Found: /index.php
Not Found: /index.php
Not Found: /wp-content/uploads/2023/07/inbound8374247886946605735.jpg
Not Found: /index.php
Not Found: /index.php
Not Found: /index.php
Not Found: /index.php
Not Found: /index.php
Not Found: /index.php
Not Found: /index.php
Not Found: /index.php
Not Found: /index.php
Not Found: /product/D
Not Found: /index.php
Not Found: /index.php
Not Found: /index.php
Not Found: /page/354/
Not Found: /index.php
Not Found: /index.php
Not Found: /skin/images/8bdf9481411a4e598662e80c9bd3c322.gif
Not Found: /product/H
Not Found: /wp-json/tdw/save_css
Not Found: /index.php
Not Found: /index.php
Not Found: /index.php
Not Found: /index.php
Not Found: /wp-content/uploads/2023/12/inbound4972347689926904482.jpg
Not Found: /index.php
Not Found: /index.php
Not Found: /index.php
Not Found: /favicon.ico
Not Found: /index.php
Not Found: /index.php
Not Found: /index.php
Not Found: /index.php
Not Found: /index.php
Not Found: /index.php
Not Found: /skin/images/lazyload.png
Not Found: /index.php
Not Found: /index.php
Not Found: /index.php
Not Found: /index.php
Not Found: /index.php
Not Found: /product/T
Not Found: /index.php
Not Found: /index.php
Not Found: /index.php
Not Found: /index.php
Not Found: /8aratejiy
Not Found: /wp-json/tdw/save_css
Not Found: /index.php
Not Found: /product/J
Not Found: /index.php
Not Found: /index.php
Not Found: /index.php
Not Found: /index.php
Not Found: /wp-json/tdw/save_css
Not Found: /index.php
Not Found: /robots.txt
Not Found: /index.php
Not Found: /index.php
Not Found: /index.php
Not Found: /index.php
Not Found: /index.php
Not Found: /product/B
Not Found: /product/O
Not Found: /index.php
Not Found: /index.php
Not Found: /product/I
Not Found: /product/H
Not Found: /product/B
Not Found: /index.php
Not Found: /product/M
Not Found: /index.php
Not Found: /index.php
Not Found: /index.php
Not Found: /product/O
Not Found: /index.php
Not Found: /raaebrhx
Not Found: /index.php
Not Found: /index.php
Not Found: /product/N
Not Found: /index.php
Not Found: /index.php
Not Found: /index.php
Not Found: /index.php
Not Found: /index.php
Not Found: /product/S
Not Found: /index.php
Not Found: /index.php
Not Found: /index.php
Not Found: /index.php
Not Found: /index.php
Not Found: /index.php
Not Found: /product/I
Not Found: /wp-content/uploads/2023/12/road-accident.jpg
Not Found: /index.php
Not Found: /wp-content/uploads/2022/12/inbound793590009663467249-scaled.jpg
Not Found: /index.php
Not Found: /index.php
Not Found: /index.php
Not Found: /index.php
Not Found: /index.php
Not Found: /index.php
Not Found: /product/C
Not Found: /index.php
Not Found: /index.php
Not Found: /index.php
Not Found: /index.php
Not Found: /index.php
Not Found: /index.php
Not Found: /wp-json/tdw/save_css
Not Found: /index.php
Not Found: /index.php
Not Found: /wp-content/uploads/2022/04/inbound4132317798004381136-scaled.jpg
Not Found: /skin/images/lazyload.png
Not Found: /wp-content/uploads/2023/10/inbound4943602757311740553.jpg
Not Found: /index.php
Not Found: /index.php
Not Found: /product/T
Not Found: /index.php
Not Found: /skin/images/lazyload.png
Not Found: /index.php
Not Found: /index.php
Not Found: /wp-json/tdw/save_css
Not Found: /index.php
Not Found: /index.php
Not Found: /product/C
Not Found: /product/Q
Not Found: /index.php
Not Found: /index.php
Not Found: /index.php
Not Found: /robots.txt
Not Found: /ftbr0z2
Not Found: /index.php
Not Found: /robots.txt
Not Found: /index.php
Not Found: /index.php
Not Found: /product/I
Not Found: /index.php
Not Found: /index.php
Not Found: /product/T
Not Found: /index.php
Not Found: /index.php
Not Found: /page/2/
Not Found: /index.php
Not Found: /index.php
Not Found: /product/Q
Not Found: /index.php
Not Found: /page/3/
Not Found: /product/O
Not Found: /index.php
Not Found: /index.php
Not Found: /index.php
Not Found: /index.php
Not Found: /page/2/
Not Found: /index.php
Not Found: /index.php
Not Found: /index.php
Not Found: /index.php
Not Found: /index.php
Not Found: /page/354/
Not Found: /product/Z
Not Found: /index.php
Not Found: /index.php
Not Found: /index.php
Not Found: /product/R
Not Found: /index.php
Not Found: /category/browse.html
Not Found: /index.php
Not Found: /product/P
Not Found: /product/B
Not Found: /product/M
Not Found: /index.php
Not Found: /index.php
Not Found: /page/3/
Not Found: /page/3/
Not Found: /product/Q
Not Found: /product/H
Not Found: /wp-content/uploads/2023/09/inbound5974272317821424359.jpg
Not Found: /index.php
Not Found: /b7g4ulgf
Not Found: /index.php
Not Found: /wp-content/uploads/2023/10/inbound4736980025394159769-324x160.jpg
Not Found: /index.php
Not Found: /index.php
Not Found: /index.php
Not Found: /index.php
Not Found: /index.php
Not Found: /raaebrhx
Not Found: /index.php
Not Found: /index.php
Not Found: /index.php
Not Found: /index.php
Not Found: /index.php
Not Found: /index.php
Not Found: /index.php
Not Found: /index.php
Not Found: /index.php
Not Found: /index.php
Not Found: /index.php
Not Found: /index.php
Not Found: /index.php
Not Found: /index.php
Not Found: /index.php
Not Found: /index.php
Not Found: /index.php
Not Found: /index.php
Not Found: /index.php
Not Found: /category/browse.html
Not Found: /index.php
Not Found: /index.php
Not Found: /index.php
Not Found: /product/S
Not Found: /index.php
Not Found: /wp-json/tdw/save_css
Not Found: /product/F
Not Found: /product/F
Not Found: /product/P
Not Found: /wp-json/tdw/save_css
Not Found: /index.php
Not Found: /robots.txt
Not Found: /wp-content/uploads/2023/07/raswapa.jpg
Not Found: /index.php
Not Found: /index.php
Not Found: /index.php
Not Found: /wp-json/tdw/save_css
Not Found: /product/Q
Not Found: /product/Z
Not Found: /2024/01/16/%E0%A4%9C%E0%A4%A8%E0%A4%95%E0%A4%AA%E0%A5%81%E0%A4%B0-%E0%A4%86%E0%A4%89%E0%A4%81%E0%A4%A6%E0%A5%88-%E0%A4%97%E0%A4%B0%E0%A5%87%E0%A4%95%E0%A5%8B-%E0%A4%B0%E0%A5%87%E0%A4%B2%E0%A4%AE%E0%A4%BE/
Not Found: /yeov24mjp1v0
Not Found: /index.php
Not Found: /index.php
Not Found: /index.php
Not Found: /index.php
Not Found: /index.php
Not Found: /index.php
Not Found: /wp-json/tdw/save_css
Not Found: /index.php
Not Found: /product/W
Not Found: /index.php
Not Found: /product/S
Not Found: /product/E
Not Found: /index.php
Not Found: /index.php
Not Found: /index.php
Not Found: /index.php
Not Found: /index.php
Not Found: /category/browse.html
Not Found: /index.php
Not Found: /wp-content/uploads/2023/10/inbound4943602757311740553.jpg
Not Found: /index.php
Not Found: /index.php
Not Found: /index.php
Not Found: /index.php
Not Found: /page/2/
Not Found: /index.php
Not Found: /index.php
Not Found: /index.php
Not Found: /index.php
Not Found: /index.php
Not Found: /2023/12/03/%E0%A4%AC%E0%A4%BE%E0%A4%97%E0%A4%AE%E0%A4%A4%E0%A5%80%E0%A4%AE%E0%A4%BE-%E0%A4%AE%E0%A5%8B%E0%A4%9F%E0%A4%B0%E0%A4%B8%E0%A4%BE%E0%A4%87%E0%A4%95%E0%A4%B2-%E0%A4%A6%E0%A5%81%E0%A4%B0%E0%A5%8D%E0%A4%98/
Not Found: /wp-json/tdw/save_css
Not Found: /index.php
Not Found: /favicon.ico
Not Found: /index.php
Not Found: /index.php
Not Found: /index.php
Not Found: /index.php
Not Found: /index.php
Not Found: /index.php
Not Found: /index.php
Not Found: /index.php
Not Found: /index.php
Not Found: /index.php
Not Found: /index.php
Not Found: /index.php
Not Found: /index.php
Not Found: /product/C
Not Found: /index.php
Not Found: /index.php
Not Found: /index.php
Not Found: /index.php
Not Found: /index.php
Not Found: /index.php
Not Found: /index.php
Not Found: /index.php
Not Found: /index.php
Not Found: /page/3/
Not Found: /wp-json/tdw/save_css
Not Found: /index.php
Not Found: /index.php
Not Found: /index.php
Not Found: /robots.txt
Not Found: /index.php
Not Found: /product/Z
Not Found: /wp-content/uploads/2023/09/inbound4005770914292358432.jpg
Not Found: /index.php
Not Found: /wp-content/uploads/2023/08/inbound2516927165046824675.jpg
Not Found: /index.php
Not Found: /robots.txt
Not Found: /index.php
Not Found: /index.php
Not Found: /wp-content/uploads/2023/11/inbound9188325944616622295.jpg
Not Found: /index.php
Not Found: /product/B
Not Found: /product/N
Not Found: /product/G
Not Found: /index.php
Not Found: /index.php
Not Found: /product/M
Not Found: /product/Z
Not Found: /index.php
Not Found: /index.php
Not Found: /index.php
Not Found: /index.php
Not Found: /index.php
Not Found: /index.php
Not Found: /index.php
Not Found: /index.php
Not Found: /index.php
Not Found: /index.php
Not Found: /index.php
Not Found: /index.php
Not Found: /index.php
Not Found: /index.php
Not Found: /index.php
Not Found: /index.php
Not Found: /index.php
Not Found: /wp-content/uploads/2023/05/inbound1567102105316294669-scaled.jpg
Not Found: /index.php
Not Found: /index.php
Not Found: /index.php
Not Found: /index.php
Not Found: /index.php
Not Found: /index.php
Not Found: /index.php
Not Found: /index.php
Not Found: /index.php
Not Found: /index.php
Not Found: /index.php
Not Found: /index.php
Not Found: /index.php
Not Found: /index.php
Not Found: /index.php
Not Found: /index.php
Not Found: /index.php
Not Found: /index.php
Not Found: /index.php
Not Found: /index.php
Not Found: /index.php
Not Found: /index.php
Not Found: /index.php
Not Found: /index.php
Not Found: /index.php
Not Found: /index.php
Not Found: /index.php
Not Found: /index.php
Not Found: /index.php
Not Found: /index.php
Not Found: /index.php
Not Found: /index.php
Not Found: /index.php
Not Found: /index.php
Not Found: /index.php
Not Found: /index.php
Not Found: /index.php
Not Found: /index.php
Not Found: /index.php
Not Found: /index.php
Not Found: /index.php
Not Found: /index.php
Not Found: /index.php
Not Found: /index.php
Not Found: /index.php
Not Found: /index.php
Not Found: /index.php
Not Found: /index.php
Not Found: /index.php
Not Found: /index.php
Not Found: /index.php
Not Found: /product/E
Not Found: /index.php
Not Found: /index.php
Not Found: /index.php
Not Found: /wp-content/uploads/2022/06/inbound8985044169122348971-scaled.jpg
Not Found: /index.phpcproduct/E
Not Found: /product/R
Not Found: /robots.txt
Not Found: /wp-content/uploads/2023/06/inbound6027852445412088113.jpg
Not Found: /category/4
Not Found: /index.php
Not Found: /2022/07/30/%E0%A4%A4%E0%A4%B0%E0%A4%BE%E0%A4%88-%E0%A4%AE%E0%A4%A7%E0%A5%87%E0%A4%B6-%E0%A4%B6%E0%A4%BF%E0%A4%95%E0%A5%8D%E0%A4%B7%E0%A4%BE%E0%A4%AE%E0%A4%BE-%E0%A4%AA%E0%A4%9B%E0%A4%BE%E0%A4%A1%E0%A4%BF/
Not Found: /index.php
Not Found: /index.php
Not Found: /index.php
Not Found: /index.php
Not Found: /index.php
Not Found: /index.php
Not Found: /index.php
Not Found: /index.php
Not Found: /index.php
Not Found: /index.php
